<?xml version="1.0" encoding="UTF-8"?>
<!-- Generated by org.testng.reporters.JUnitReportReporter -->
<testsuite hostname="DESKTOP-2GP96BE" failures="0" tests="2" name="amazon.AmazonSearchTest" time="4.919" errors="0" timestamp="2023-12-19T16:59:15 IST" skipped="0">
  <testcase classname="amazon.AmazonSearchTest" name="testSearch1" time="2.609"/>
  <system-out/>
  <testcase classname="amazon.AmazonSearchTest" name="testSearch2" time="2.310"/>
  <system-out/>
</testsuite> <!-- amazon.AmazonSearchTest -->
